This is pdfTeX, Version 3.14159265-2.6-1.40.19 (TeX Live 2018/Arch Linux) (preloaded format=prv_trabalho_final 2018.7.15)  15 JUL 2018 18:51
entering extended mode
 restricted \write18 enabled.
 %&-line parsing enabled.
**&prv_trabalho_final _region_.tex
(./_region_.tex
LaTeX2e <2018-04-01> patch level 2
Babel <3.18> and hyphenation patterns for 84 language(s) loaded.
CUSTOMISED FORMAT. Preloaded files:
        .
abntex2ppgsi.cls    2014/01/26 v1.9.2 abnTeX2
anyfontsize.sty    2007/11/22 anyfontsize.sty by pts
  ifthen.sty    2014/09/29 v1.1c Standard LaTeX ifthen package (DPC)
  memoir.cls    2018/04/04 v3.7g configurable book, report, article document class
   ifpdf.sty    2017/03/15 v3.2 Provides the ifpdf switch
  ifetex.sty    2018/03/31 v1.2a ifetex
 ifxetex.sty    2010/09/12 v0.6 Provides ifxetex conditional
ifluatex.sty    2016/05/16 v1.4 Provides the ifluatex switch (HO)
   mem12.clo    2010/10/19 v0.4b memoir class 12pt size option
textcase.sty    2004/10/07 v0.07 Text only upper/lower case changing (DPC)
hyperref.sty    2018/02/06 v6.86b Hypertext links for LaTeX
hobsub-hyperref.sty    2016/05/16 v1.14 Bundle oberdiek, subset hyperref (HO)
hobsub-generic.sty    2016/05/16 v1.14 Bundle oberdiek, subset generic (HO)
  hobsub.sty    2016/05/16 v1.14 Construct package bundles (HO)
infwarerr.sty    2016/05/16 v1.4 Providing info/warning/error messages (HO)
 ltxcmds.sty    2016/05/16 v1.23 LaTeX kernel commands for general use (HO)
  ifvtex.sty    2016/05/16 v1.6 Detect VTeX and its facilities (HO)
 intcalc.sty    2016/05/16 v1.2 Expandable calculations with integers (HO)
etexcmds.sty    2016/05/16 v1.6 Avoid name clashes with e-TeX commands (HO)
kvsetkeys.sty    2016/05/16 v1.17 Key value parser (HO)
kvdefinekeys.sty    2016/05/16 v1.4 Define keys (HO)
pdftexcmds.sty    2018/01/30 v0.27 Utility functions of pdfTeX for LuaTeX (HO)
pdfescape.sty    2016/05/16 v1.14 Implements pdfTeX's escape features (HO)
bigintcalc.sty    2016/05/16 v1.4 Expandable calculations on big integers (HO)
  bitset.sty    2016/05/16 v1.2 Handle bit-vector datatype (HO)
uniquecounter.sty    2016/05/16 v1.3 Provide unlimited unique counter (HO)
letltxmacro.sty    2016/05/16 v1.5 Let assignment for LaTeX macros (HO)
 hopatch.sty    2016/05/16 v1.3 Wrapper for package hooks (HO)
xcolor-patch.sty    2016/05/16 xcolor patch
atveryend.sty    2016/05/16 v1.9 Hooks at the very end of document (HO)
atbegshi.sty    2016/06/09 v1.18 At begin shipout hook (HO)
refcount.sty    2016/05/16 v3.5 Data extraction from label references (HO)
 hycolor.sty    2016/05/16 v1.8 Color options for hyperref/bookmark (HO)
  keyval.sty    2014/10/28 v1.15 key=value parser (DPC)
 auxhook.sty    2016/05/16 v1.4 Hooks for auxiliary files (HO)
kvoptions.sty    2016/05/16 v3.12 Key value format for package options (HO)
  pd1enc.def    2018/02/06 v6.86b Hyperref: PDFDocEncoding definition (HO)
hyperref.cfg    2002/06/06 v1.2 hyperref configuration of TeXLive
     url.sty    2013/09/16  ver 3.4  Verb mode for urls, etc.
memhfixc.sty    2013/05/30 v1.17 nameref/hyperref package fixes for memoir class
 hpdftex.def    2018/02/06 v6.86b Hyperref driver for pdfTeX
rerunfilecheck.sty    2016/05/16 v1.8 Rerun checks for auxiliary files (HO)
bookmark.sty    2016/05/17 v1.26 PDF bookmarks (HO)
bkm-pdftex.def    2016/05/17 v1.26 bookmark driver for pdfTeX (HO)
   babel.sty    2018/02/14 3.18 The Babel package
 english.ldf    2017/06/06 v3.3r English support from the babel system
portuges.ldf    2008/03/18 v1.2q Portuguese support from the babel system
enumitem.sty    2011/09/28 v3.5.2 Customized lists
    calc.sty    2017/05/25 v4.3 Infix arithmetic (KKT,FJ)
algorithm.sty    2009/08/24 v0.1 Document Style `algorithm' - floating environment
   float.sty    2001/11/08 v1.3d Float enhancements (AL)
inputenc.sty    2018/04/06 v1.3b Input encoding file
lastpage.sty    2015/03/29 v1.2m Refers to last page's name (HMM; JPG)
indentfirst.sty    1995/11/23 v1.03 Indent first paragraph (DPC)
   color.sty    2016/07/10 v1.1e Standard LaTeX Color (DPC)
   color.cfg    2016/01/02 v1.6 sample color configuration
  pdftex.def    2018/01/08 v1.0l Graphics/color driver for pdftex
graphicx.sty    2017/06/01 v1.1a Enhanced LaTeX Graphics (DPC,SPQR)
graphics.sty    2017/06/25 v1.2c Standard LaTeX Graphics (DPC,SPQR)
    trig.sty    2016/01/03 v1.10 sin cos tan (DPC)
graphics.cfg    2016/06/04 v1.11 sample graphics configuration
microtype.sty    2018/01/14 v2.7a Micro-typographical refinements (RS)
microtype-pdftex.def    2018/01/14 v2.7a Definitions specific to pdftex (RS)
microtype.cfg    2018/01/14 v2.7a microtype main configuration file (RS)
pdfpages.sty    2017/10/31 v0.5l Insert pages of external PDF documents (AM)
 eso-pic.sty    2015/07/21 v2.0g eso-pic (RN)
pppdftex.def    2017/10/31 v0.5l Pdfpages driver for pdfTeX (AM)
 mdwlist.sty    1996/05/02 1.1 Various list-related things
algpseudocode.sty    
algorithmicx.sty    2005/04/27 v1.2 Algorithmicx
  lipsum.sty    2014/07/27 v1.3 150 paragraphs of Lorem Ipsum dummy text
 siunitx.sty    2018-03-20 v2.7m A comprehensive (SI) units package
   expl3.sty    2018/03/05 L3 programming layer (loader) 
expl3-code.tex    2018/03/05 L3 programming layer 
l3pdfmode.def    2017/03/18 v L3 Experimental driver: PDF mode
  xparse.sty    2018/02/21 L3 Experimental document command parser
 amstext.sty    2000/06/29 v2.01 AMS text
  amsgen.sty    1999/11/30 v2.0 generic functions
l3keys2e.sty    2018/02/21 LaTeX2e option processing using LaTeX3 keys
translator.sty    2018/01/04 v1.12 Easy translation of strings in LaTeX
footmisc.sty    2011/06/06 v5.5b a miscellany of footnote facilities
 backref.sty    2016/05/21 v1.39 Bibliographical back referencing
abntex2cite.sty    2016/02/26 v-1.9.6 abnTeX2
abntex2abrev.sty    
 relsize.sty    2013/03/29 ver 4.1
        .
No file _region_.aux.
LaTeX Font Info:    Checking defaults for OML/cmm/m/it on input line 290.
LaTeX Font Info:    ... okay on input line 290.
LaTeX Font Info:    Checking defaults for T1/cmr/m/n on input line 290.
LaTeX Font Info:    ... okay on input line 290.
LaTeX Font Info:    Checking defaults for OT1/cmr/m/n on input line 290.
LaTeX Font Info:    ... okay on input line 290.
LaTeX Font Info:    Checking defaults for OMS/cmsy/m/n on input line 290.
LaTeX Font Info:    ... okay on input line 290.
LaTeX Font Info:    Checking defaults for OMX/cmex/m/n on input line 290.
LaTeX Font Info:    ... okay on input line 290.
LaTeX Font Info:    Checking defaults for U/cmr/m/n on input line 290.
LaTeX Font Info:    ... okay on input line 290.
LaTeX Font Info:    Checking defaults for PD1/pdf/m/n on input line 290.
LaTeX Font Info:    ... okay on input line 290.
(/home/lucas/.emacs.d/elpa/auctex-12.1.1/latex/preview.sty
Package: preview 2017/04/24 12.1 (AUCTeX/preview-latex)
 (/usr/share/texmf-dist/tex/generic/luatex85/luatex85.sty
Package: luatex85 2016/06/15 v1.4 pdftex aliases for luatex
) (/home/lucas/.emacs.d/elpa/auctex-12.1.1/latex/prtightpage.def
\PreviewBorder=\dimen266
) (/home/lucas/.emacs.d/elpa/auctex-12.1.1/latex/prauctex.def
No auxiliary output files.


\hbadness=\count360
\hfuzz=\dimen267
(/home/lucas/.emacs.d/elpa/auctex-12.1.1/latex/prauctex.cfg)) (/home/lucas/.emacs.d/elpa/auctex-12.1.1/latex/prfootnotes.def)
\pr@snippet=\count361
\pr@box=\box56
\pr@output=\toks35

Preview: Fontsize 12pt
Preview: PDFoutput 1
)
\providecommand*{\memsetcounter}[2]{}
\AtBeginShipoutBox=\box57
Package hyperref Info: Link coloring ON on input line 290.
(/usr/share/texmf-dist/tex/latex/hyperref/nameref.sty
Package: nameref 2016/05/21 v2.44 Cross-referencing by name of section
 (/usr/share/texmf-dist/tex/generic/oberdiek/gettitlestring.sty
Package: gettitlestring 2016/05/16 v1.5 Cleanup title references (HO)
)
\c@section@level=\count362
)
Redoing nameref's sectioning
Redoing nameref's label
LaTeX Info: Redefining \nameref on input line 290.
LaTeX Info: Redefining \ref on input line 290.
LaTeX Info: Redefining \pageref on input line 290.
LaTeX Info: Redefining \nameref on input line 290.
\myptabbox=\box58
\myptabboxwidth=\skip277
Package lastpage Info: Please have a look at the pageslts package at
(lastpage)             https://www.ctan.org/pkg/pageslts
(lastpage)             ! on input line 290.
(/usr/share/texmf-dist/tex/context/base/mkii/supp-pdf.mkii
[Loading MPS to PDF converter (version 2006.09.02).]
\scratchcounter=\count363
\scratchdimen=\dimen268
\scratchbox=\box59
\nofMPsegments=\count364
\nofMParguments=\count365
\everyMPshowfont=\toks36
\MPscratchCnt=\count366
\MPscratchDim=\dimen269
\MPnumerator=\count367
\makeMPintoPDFobject=\count368
\everyMPtoPDFconversion=\toks37
) (/usr/share/texmf-dist/tex/latex/oberdiek/epstopdf-base.sty
Package: epstopdf-base 2016/05/15 v2.6 Base part for package epstopdf
 (/usr/share/texmf-dist/tex/latex/oberdiek/grfext.sty
Package: grfext 2016/05/16 v1.2 Manage graphics extensions (HO)
)
Package epstopdf-base Info: Redefining graphics rule for `.eps' on input line 438.
Package grfext Info: Graphics extension search list:
(grfext)             [.pdf,.png,.jpg,.mps,.jpeg,.jbig2,.jb2,.PDF,.PNG,.JPG,.JPEG,.JBIG2,.JB2,.eps]
(grfext)             \AppendGraphicsExtensions on input line 456.
 (/usr/share/texmf-dist/tex/latex/latexconfig/epstopdf-sys.cfg
File: epstopdf-sys.cfg 2010/07/13 v1.3 Configuration of (r)epstopdf for TeX Live
))
LaTeX Info: Redefining \microtypecontext on input line 290.
Package microtype Info: Generating PDF output.
Package microtype Info: Character protrusion enabled (level 2).
Package microtype Info: Using default protrusion set `alltext'.
Package microtype Info: Automatic font expansion enabled (level 2),
(microtype)             stretch: 20, shrink: 20, step: 1, non-selected.
Package microtype Info: Using default expansion set `basictext'.
Package microtype Info: No adjustment of tracking.
Package microtype Info: No adjustment of interword spacing.
Package microtype Info: No adjustment of character kerning.
 (/usr/share/texmf-dist/tex/latex/microtype/mt-cmr.cfg
File: mt-cmr.cfg 2013/05/19 v2.2 microtype config. file: Computer Modern Roman (RS)
) (/usr/share/texmf-dist/tex/latex/oberdiek/pdflscape.sty
Package: pdflscape 2016/05/14 v0.11 Display of landscape pages in PDF (HO)
 (/usr/share/texmf-dist/tex/latex/graphics/lscape.sty
Package: lscape 2000/10/22 v3.01 Landscape Pages (DPC)
)
Package pdflscape Info: Auto-detected driver: pdftex on input line 81.
)
Now handling font encoding TS1 ...
... processing UTF-8 mapping file for font encoding TS1
 (/usr/share/texmf-dist/tex/latex/base/ts1enc.dfu
File: ts1enc.dfu 2018/04/05 v1.2c UTF-8 support for inputenc
   defining Unicode char U+00A2 (decimal 162)
   defining Unicode char U+00A3 (decimal 163)
   defining Unicode char U+00A4 (decimal 164)
   defining Unicode char U+00A5 (decimal 165)
   defining Unicode char U+00A6 (decimal 166)
   defining Unicode char U+00A7 (decimal 167)
   defining Unicode char U+00A8 (decimal 168)
   defining Unicode char U+00A9 (decimal 169)
   defining Unicode char U+00AA (decimal 170)
   defining Unicode char U+00AC (decimal 172)
   defining Unicode char U+00AE (decimal 174)
   defining Unicode char U+00AF (decimal 175)
   defining Unicode char U+00B0 (decimal 176)
   defining Unicode char U+00B1 (decimal 177)
   defining Unicode char U+00B2 (decimal 178)
   defining Unicode char U+00B3 (decimal 179)
   defining Unicode char U+00B4 (decimal 180)
   defining Unicode char U+00B5 (decimal 181)
   defining Unicode char U+00B6 (decimal 182)
   defining Unicode char U+00B7 (decimal 183)
   defining Unicode char U+00B9 (decimal 185)
   defining Unicode char U+00BA (decimal 186)
   defining Unicode char U+00BC (decimal 188)
   defining Unicode char U+00BD (decimal 189)
   defining Unicode char U+00BE (decimal 190)
   defining Unicode char U+00D7 (decimal 215)
   defining Unicode char U+00F7 (decimal 247)
   defining Unicode char U+0192 (decimal 402)
   defining Unicode char U+02C7 (decimal 711)
   defining Unicode char U+02D8 (decimal 728)
   defining Unicode char U+02DD (decimal 733)
   defining Unicode char U+0E3F (decimal 3647)
   defining Unicode char U+2016 (decimal 8214)
   defining Unicode char U+2020 (decimal 8224)
   defining Unicode char U+2021 (decimal 8225)
   defining Unicode char U+2022 (decimal 8226)
   defining Unicode char U+2030 (decimal 8240)
   defining Unicode char U+2031 (decimal 8241)
   defining Unicode char U+203B (decimal 8251)
   defining Unicode char U+203D (decimal 8253)
   defining Unicode char U+2044 (decimal 8260)
   defining Unicode char U+204E (decimal 8270)
   defining Unicode char U+2052 (decimal 8274)
   defining Unicode char U+20A1 (decimal 8353)
   defining Unicode char U+20A4 (decimal 8356)
   defining Unicode char U+20A6 (decimal 8358)
   defining Unicode char U+20A9 (decimal 8361)
   defining Unicode char U+20AB (decimal 8363)
   defining Unicode char U+20AC (decimal 8364)
   defining Unicode char U+20B1 (decimal 8369)
   defining Unicode char U+2103 (decimal 8451)
   defining Unicode char U+2116 (decimal 8470)
   defining Unicode char U+2117 (decimal 8471)
   defining Unicode char U+211E (decimal 8478)
   defining Unicode char U+2120 (decimal 8480)
   defining Unicode char U+2122 (decimal 8482)
   defining Unicode char U+2126 (decimal 8486)
   defining Unicode char U+2127 (decimal 8487)
   defining Unicode char U+212E (decimal 8494)
   defining Unicode char U+2190 (decimal 8592)
   defining Unicode char U+2191 (decimal 8593)
   defining Unicode char U+2192 (decimal 8594)
   defining Unicode char U+2193 (decimal 8595)
   defining Unicode char U+2329 (decimal 9001)
   defining Unicode char U+232A (decimal 9002)
   defining Unicode char U+2422 (decimal 9250)
   defining Unicode char U+25E6 (decimal 9702)
   defining Unicode char U+25EF (decimal 9711)
   defining Unicode char U+266A (decimal 9834)
   defining Unicode char U+FEFF (decimal 65279)
) (/usr/share/texmf-dist/tex/latex/translator/translator-basic-dictionary-English.dict
Dictionary: translator-basic-dictionary, Language: English 
) (/usr/share/texmf-dist/tex/latex/translator/translator-basic-dictionary-Portuguese.dict
Dictionary: translator-basic-dictionary, Language: portuguese 
) (/usr/share/texmf-dist/tex/latex/siunitx/siunitx-abbreviations.cfg
File: siunitx-abbreviations.cfg 2017/11/26 v2.7k siunitx: Abbreviated units
)  !name(trabalho_final.tex) !offset(-3) 
! Preview: Snippet 1 started.
<-><->
      
l.711 \chapter
              {Tema}
Not a real error.

Preview: Tightpage -32891 -32891 32891 32891
! Preview: Snippet 1 ended.(1981372+0x29818880).
<-><->
      
l.711 \chapter{Tema}
                    
Not a real error.

[1

{/var/lib/texmf/fonts/map/pdftex/updmap/pdftex.map}

]

LaTeX Warning: Citation `DENATRANfrotaabr2018' on page 1 undefined on input line 717.


LaTeX Warning: Citation `Fuller2005461' on page 1 undefined on input line 723.

! Preview: Snippet 2 started.
<-><->
      
l.736 \chapter
              {Motivação}
Not a real error.

! Preview: Snippet 2 ended.(2121726+0x29818880).
<-><->
      
l.736 \chapter{Motivação}
                           
Not a real error.

[2


]

LaTeX Warning: Citation `Nandakumar2008' on page 1 undefined on input line 747.

! Preview: Snippet 3 started.
<-><->
      
l.755 \chapter
              {Lacuna}
Not a real error.

! Preview: Snippet 3 ended.(1981372+0x29818880).
<-><->
      
l.755 \chapter{Lacuna}
                      
Not a real error.

[3


]

LaTeX Warning: Citation `Al-Sultan20134264' on page 1 undefined on input line 759.


LaTeX Warning: Citation `Liang20071' on page 1 undefined on input line 759.


LaTeX Warning: Citation `Gindele201569' on page 1 undefined on input line 759.


LaTeX Warning: Citation `Chong2013207' on page 1 undefined on input line 759.


LaTeX Warning: Citation `Liang2014146' on page 1 undefined on input line 760.


LaTeX Warning: Citation `Liu2018' on page 1 undefined on input line 760.


LaTeX Warning: Citation `Lee2017' on page 1 undefined on input line 760.

! Preview: Snippet 4 started.
<-><->
      
l.770 \chapter
              {Objetivo}
Not a real error.

! Preview: Snippet 4 ended.(2140840+0x29818880).
<-><->
      
l.770 \chapter{Objetivo}
                        
Not a real error.

[4


]
! Preview: Snippet 5 started.
<-><->
      
l.783 \chapter
              {Hipótese}
Not a real error.

! Preview: Snippet 5 ended.(2140840+0x29818880).
<-><->
      
l.783 \chapter{Hipótese}
                         
Not a real error.

[5


]
! Preview: Snippet 6 started.
<-><->
      
l.798 \chapter
              {Justificativa}
Not a real error.

! Preview: Snippet 6 ended.(1987924+0x29818880).
<-><->
      
l.798 \chapter{Justificativa}
                             
Not a real error.

[6


]
! Preview: Snippet 7 started.
<-><->
      
l.804 \chapter
              {Metodologia}
Not a real error.

! Preview: Snippet 7 ended.(2140840+0x29818880).
<-><->
      
l.804 \chapter{Metodologia}
                           
Not a real error.

[7


]
! Preview: Snippet 8 started.
<-><->
      
l.814   \begin{figure}
                      [H]
Not a real error.

<static/cronograma.png, id=34, 311.4837pt x 97.5645pt>
File: static/cronograma.png Graphic file (type png)
<use static/cronograma.png>
Package pdftex.def Info: static/cronograma.png  used on input line 817.
(pdftex.def)             Requested size: 454.76718pt x 142.44444pt.
! Extra }, or forgotten \endgroup.
\@endfloatbox ...pagefalse \outer@nobreak \egroup 
                                                  \color@endbox 
l.819   \end{figure}
                    
I've deleted a group-closing symbol because it seems to be
spurious, as in `$x}$'. But perhaps the } is legitimate and
you forgot something else, as in `\hbox{$x}'. In such cases
the way to recover is to insert both the forgotten and the
deleted material, e.g., by typing `I$}'.

! Preview: Snippet 8 ended.(11892962+0x29818880).
<-><->
      
l.819   \end{figure}
                    
Not a real error.

[8

pdfTeX warning (ext4): destination with the same identifier (name{figure.7.1}) has been already used, duplicate ignored

\pr@endbox ...y \pr@markerbox }\else \box \pr@box 
                                                  \fi }\global \advance \pr@...
l.819   \end{figure}
                     <./static/cronograma.png (PNG copy)>]
! Preview: Snippet 9 ended.(2121726+0x29818880).
<-><->
      
l.822 \chapter{Avaliação}
                           
Not a real error.

[9


]
! Preview: Snippet 10 ended.(2121726+0x29818880).
<-><->
      
l.834 \chapter{Contribuições e Limitações}
                                              
Not a real error.

[10


]
! Preview: Snippet 11 ended.(546132+133802x29818880).
<-><->
      
l.835 \section{Contribuições}
                               
Not a real error.

[11

]
! Preview: Snippet 12 ended.(537395+133802x29818880).
<-><->
      
l.838 \section{Limitações}
                            
Not a real error.

[12

]
No file _region_.bbl.

Package lastpage Warning: Rerun to get the references right on input line 871.


! Package lastpage Error: No auxiliary file allowed.

See the lastpage package documentation for explanation.
Type  H <return>  for immediate help.
 ...                                              
                                                  
l.871 \end{document}
                    
The lastpage package was not allowed to write to an .aux file.
This package does not work without access to an .aux file.
Press Ctrl+Z to exit.



! Package lastpage Error: No auxiliary file allowed.

See the lastpage package documentation for explanation.
Type  H <return>  for immediate help.
 ...                                              
                                                  
l.871 \end{document}
                    
The lastpage package was not allowed to write to an .aux file.
This package does not work without access to an .aux file.
Press Ctrl+Z to exit.



! LaTeX Error: \begin{figure} on input line 814 ended by \end{document}.

See the LaTeX manual or LaTeX Companion for explanation.
Type  H <return>  for immediate help.
 ...                                              
                                                  
l.871 \end{document}
                    
Your command was ignored.
Type  I <command> <return>  to replace it with another command,
or  <return>  to continue without it.

Package atveryend Info: Empty hook `BeforeClearDocument' on input line 871.
Package atveryend Info: Empty hook `AfterLastShipout' on input line 871.
Package atveryend Info: Executing hook `AtVeryEndDocument' on input line 871.
Package atveryend Info: Empty hook `AtEndAfterFileList' on input line 871.

LaTeX Warning: There were undefined references.

Package atveryend Info: Empty hook `AtVeryVeryEnd' on input line 871.
! You can't use `\end' in internal vertical mode.
\enddocument ...es \z@ \Call@AtVeryVeryEnd \@@end 
                                                  
l.871 \end{document}
                    
Sorry, but I'm not programmed to handle this case;
I'll just pretend that you didn't ask for it.
If you're in the wrong mode, you might be able to
return to the right one by typing `I}' or `I$' or `I\par'.


! LaTeX Error: \begin{figure} on input line 814 ended by \end{document}.

See the LaTeX manual or LaTeX Companion for explanation.
Type  H <return>  for immediate help.
 ...                                              
                                                  
l.871 \end{document}
                    
Your command was ignored.
Type  I <command> <return>  to replace it with another command,
or  <return>  to continue without it.

! Missing } inserted.
<inserted text> 
                }
l.871 \end{document}
                    
I've inserted something that you may have forgotten.
(See the <inserted text> above.)
With luck, this will get me unwedged. But if you
really didn't forget anything, try typing `2' now; then
my insertion and my current dilemma will both disappear.

 !name(trabalho_final.tex) !offset(-878) )
! Emergency stop.
<*> &prv_trabalho_final _region_.tex
                                    
*** (job aborted, no legal \end found)

 
Here is how much of TeX's memory you used:
 1557 strings out of 469700
 25648 string characters out of 5714821
 679065 words of memory out of 5000000
 28085 multiletter control sequences out of 15000+600000
 536346 words of font info for 61 fonts, out of 8000000 for 9000
 1141 hyphenation exceptions out of 8191
 35i,12n,29p,835b,742s stack positions out of 5000i,500n,10000p,200000b,80000s
!  ==> Fatal error occurred, no output PDF file produced!
